<?xml version="1.0" encoding="UTF-8"?>
<testsuite xmlns:xsi="http://www.w3.org/2001/XMLSchema-instance" xsi:noNamespaceSchemaLocation="https://maven.apache.org/surefire/maven-surefire-plugin/xsd/surefire-test-report.xsd" name="com.gruposalinas.msdprppreciosvtex.service.PreciosServiceImplTest" time="0.019" tests="2" errors="0" skipped="0" failures="0">
  <properties>
[...]
</properties>
  <testcase name="testActualizaProductos" classname="com.gruposalinas.msdprppreciosvtex.service.PreciosServiceImplTest" time="0.018"/>
  <testcase name="testLog" classname="com.gruposalinas.msdprppreciosvtex.service.PreciosServiceImplTest" time="0.001"/>
</testsuite>